app/build/intermediates/manifest_merge_blame_file/debug/manifest-merger-blame-debug-report.txt
1<?xml version="1.0" encoding="utf-8"?>
2<manifest xmlns:android="http://schemas.android.com/apk/res/android"
3    package="edu.utap.stocksleuth"
4    android:versionCode="1"
5    android:versionName="1.0" >
6
7    <uses-sdk
8        android:minSdkVersion="27"
8-->src\main\AndroidManifest.xml
9        android:targetSdkVersion="32" />
9-->src\main\AndroidManifest.xml
10
11    <uses-permission android:name="android.permission.INTERNET" />
11-->src\main\AndroidManifest.xml:4:5-66
11-->src\main\AndroidManifest.xml:4:22-64
12    <uses-permission android:name="android.permission.ACCESS_NETWORK_STATE" />
12-->src\main\AndroidManifest.xml:5:5-78
12-->src\main\AndroidManifest.xml:5:22-76
13    <uses-permission android:name="android.permission.MANAGE_EXTERNAL_STORAGE" />
13-->src\main\AndroidManifest.xml:6:5-81
13-->src\main\AndroidManifest.xml:6:22-79
14    <uses-permission android:name="android.permission.READ_EXTERNAL_STORAGE" />
14-->src\main\AndroidManifest.xml:7:5-80
14-->src\main\AndroidManifest.xml:7:22-77
15    <uses-permission android:name="android.permission.WRITE_EXTERNAL_STORAGE" />
15-->src\main\AndroidManifest.xml:8:5-81
15-->src\main\AndroidManifest.xml:8:22-78
16    <uses-permission android:name="android.permission.WAKE_LOCK" />
16-->[com.google.android.gms:play-services-measurement-api:21.2.0] AndroidManifest.xml:24:5-68
16-->[com.google.android.gms:play-services-measurement-api:21.2.0] AndroidManifest.xml:24:22-65
17    <uses-permission android:name="com.google.android.gms.permission.AD_ID" />
17-->[com.google.android.gms:play-services-measurement-api:21.2.0] AndroidManifest.xml:25:5-79
17-->[com.google.android.gms:play-services-measurement-api:21.2.0] AndroidManifest.xml:25:22-76
18    <uses-permission android:name="com.google.android.finsky.permission.BIND_GET_INSTALL_REFERRER_SERVICE" />
18-->[com.google.android.gms:play-services-measurement:21.2.0] AndroidManifest.xml:26:5-110
18-->[com.google.android.gms:play-services-measurement:21.2.0] AndroidManifest.xml:26:22-107
19
20    <application
20-->src\main\AndroidManifest.xml:11:5-36:19
21        android:allowBackup="true"
21-->src\main\AndroidManifest.xml:13:9-35
22        android:appComponentFactory="androidx.core.app.CoreComponentFactory"
22-->[androidx.core:core:1.8.0] AndroidManifest.xml:24:18-86
23        android:dataExtractionRules="@xml/data_extraction_rules"
23-->src\main\AndroidManifest.xml:14:9-65
24        android:debuggable="true"
25        android:extractNativeLibs="false"
26        android:fullBackupContent="@xml/backup_rules"
26-->src\main\AndroidManifest.xml:15:9-54
27        android:icon="@mipmap/ic_launcher"
27-->src\main\AndroidManifest.xml:16:9-43
28        android:label="@string/app_name"
28-->src\main\AndroidManifest.xml:17:9-41
29        android:requestLegacyExternalStorage="true"
29-->src\main\AndroidManifest.xml:12:9-52
30        android:roundIcon="@mipmap/ic_launcher_round"
30-->src\main\AndroidManifest.xml:18:9-54
31        android:supportsRtl="true"
31-->src\main\AndroidManifest.xml:19:9-35
32        android:testOnly="true"
33        android:theme="@style/Theme.StockSleuth" >
33-->src\main\AndroidManifest.xml:20:9-49
34        <activity
34-->src\main\AndroidManifest.xml:22:9-35:20
35            android:name="edu.utap.stocksleuth.MainActivity"
35-->src\main\AndroidManifest.xml:23:13-41
36            android:exported="true"
36-->src\main\AndroidManifest.xml:24:13-36
37            android:label="@string/app_name" >
37-->src\main\AndroidManifest.xml:25:13-45
38            <intent-filter>
38-->src\main\AndroidManifest.xml:26:13-30:29
39                <action android:name="android.intent.action.MAIN" />
39-->src\main\AndroidManifest.xml:27:17-69
39-->src\main\AndroidManifest.xml:27:25-66
40
41                <category android:name="android.intent.category.LAUNCHER" />
41-->src\main\AndroidManifest.xml:29:17-77
41-->src\main\AndroidManifest.xml:29:27-74
42            </intent-filter>
43
44            <meta-data
44-->src\main\AndroidManifest.xml:32:13-34:36
45                android:name="android.app.lib_name"
45-->src\main\AndroidManifest.xml:33:17-52
46                android:value="" />
46-->src\main\AndroidManifest.xml:34:17-33
47        </activity>
48
49        <service
49-->[com.google.firebase:firebase-analytics-ktx:21.2.0] AndroidManifest.xml:8:9-14:19
50            android:name="com.google.firebase.components.ComponentDiscoveryService"
50-->[com.google.firebase:firebase-analytics-ktx:21.2.0] AndroidManifest.xml:9:13-84
51            android:directBootAware="true"
51-->[com.google.firebase:firebase-common:20.2.0] AndroidManifest.xml:34:13-43
52            android:exported="false" >
52-->[com.google.firebase:firebase-analytics-ktx:21.2.0] AndroidManifest.xml:10:13-37
53            <meta-data
53-->[com.google.firebase:firebase-analytics-ktx:21.2.0] AndroidManifest.xml:11:13-13:85
54                android:name="com.google.firebase.components:com.google.firebase.analytics.ktx.FirebaseAnalyticsKtxRegistrar"
54-->[com.google.firebase:firebase-analytics-ktx:21.2.0] AndroidManifest.xml:12:17-126
55                android:value="com.google.firebase.components.ComponentRegistrar" />
55-->[com.google.firebase:firebase-analytics-ktx:21.2.0] AndroidManifest.xml:13:17-82
56            <meta-data
56-->[com.google.firebase:firebase-common-ktx:20.2.0] AndroidManifest.xml:14:13-16:85
57                android:name="com.google.firebase.components:com.google.firebase.ktx.FirebaseCommonKtxRegistrar"
57-->[com.google.firebase:firebase-common-ktx:20.2.0] AndroidManifest.xml:15:17-113
58                android:value="com.google.firebase.components.ComponentRegistrar" />
58-->[com.google.firebase:firebase-common-ktx:20.2.0] AndroidManifest.xml:16:17-82
59            <meta-data
59-->[com.google.firebase:firebase-database:20.1.0] AndroidManifest.xml:31:13-33:85
60                android:name="com.google.firebase.components:com.google.firebase.database.DatabaseRegistrar"
60-->[com.google.firebase:firebase-database:20.1.0] AndroidManifest.xml:32:17-109
61                android:value="com.google.firebase.components.ComponentRegistrar" />
61-->[com.google.firebase:firebase-database:20.1.0] AndroidManifest.xml:33:17-82
62            <meta-data
62-->[com.google.android.gms:play-services-measurement-api:21.2.0] AndroidManifest.xml:31:13-33:85
63                android:name="com.google.firebase.components:com.google.firebase.analytics.connector.internal.AnalyticsConnectorRegistrar"
63-->[com.google.android.gms:play-services-measurement-api:21.2.0] AndroidManifest.xml:32:17-139
64                android:value="com.google.firebase.components.ComponentRegistrar" />
64-->[com.google.android.gms:play-services-measurement-api:21.2.0] AndroidManifest.xml:33:17-82
65            <meta-data
65-->[com.google.firebase:firebase-installations:17.1.0] AndroidManifest.xml:17:13-19:85
66                android:name="com.google.firebase.components:com.google.firebase.installations.FirebaseInstallationsRegistrar"
66-->[com.google.firebase:firebase-installations:17.1.0] AndroidManifest.xml:18:17-127
67                android:value="com.google.firebase.components.ComponentRegistrar" />
67-->[com.google.firebase:firebase-installations:17.1.0] AndroidManifest.xml:19:17-82
68        </service>
69
70        <activity
70-->[com.google.android.gms:play-services-base:18.0.1] AndroidManifest.xml:20:9-22:45
71            android:name="com.google.android.gms.common.api.GoogleApiActivity"
71-->[com.google.android.gms:play-services-base:18.0.1] AndroidManifest.xml:20:19-85
72            android:exported="false"
72-->[com.google.android.gms:play-services-base:18.0.1] AndroidManifest.xml:22:19-43
73            android:theme="@android:style/Theme.Translucent.NoTitleBar" />
73-->[com.google.android.gms:play-services-base:18.0.1] AndroidManifest.xml:21:19-78
74
75        <provider
75-->[com.google.firebase:firebase-common:20.2.0] AndroidManifest.xml:25:9-30:39
76            android:name="com.google.firebase.provider.FirebaseInitProvider"
76-->[com.google.firebase:firebase-common:20.2.0] AndroidManifest.xml:26:13-77
77            android:authorities="edu.utap.stocksleuth.firebaseinitprovider"
77-->[com.google.firebase:firebase-common:20.2.0] AndroidManifest.xml:27:13-72
78            android:directBootAware="true"
78-->[com.google.firebase:firebase-common:20.2.0] AndroidManifest.xml:28:13-43
79            android:exported="false"
79-->[com.google.firebase:firebase-common:20.2.0] AndroidManifest.xml:29:13-37
80            android:initOrder="100" />
80-->[com.google.firebase:firebase-common:20.2.0] AndroidManifest.xml:30:13-36
81
82        <receiver
82-->[com.google.android.gms:play-services-measurement:21.2.0] AndroidManifest.xml:29:9-33:20
83            android:name="com.google.android.gms.measurement.AppMeasurementReceiver"
83-->[com.google.android.gms:play-services-measurement:21.2.0] AndroidManifest.xml:30:13-85
84            android:enabled="true"
84-->[com.google.android.gms:play-services-measurement:21.2.0] AndroidManifest.xml:31:13-35
85            android:exported="false" >
85-->[com.google.android.gms:play-services-measurement:21.2.0] AndroidManifest.xml:32:13-37
86        </receiver>
87
88        <service
88-->[com.google.android.gms:play-services-measurement:21.2.0] AndroidManifest.xml:35:9-38:40
89            android:name="com.google.android.gms.measurement.AppMeasurementService"
89-->[com.google.android.gms:play-services-measurement:21.2.0] AndroidManifest.xml:36:13-84
90            android:enabled="true"
90-->[com.google.android.gms:play-services-measurement:21.2.0] AndroidManifest.xml:37:13-35
91            android:exported="false" />
91-->[com.google.android.gms:play-services-measurement:21.2.0] AndroidManifest.xml:38:13-37
92        <service
92-->[com.google.android.gms:play-services-measurement:21.2.0] AndroidManifest.xml:39:9-43:72
93            android:name="com.google.android.gms.measurement.AppMeasurementJobService"
93-->[com.google.android.gms:play-services-measurement:21.2.0] AndroidManifest.xml:40:13-87
94            android:enabled="true"
94-->[com.google.android.gms:play-services-measurement:21.2.0] AndroidManifest.xml:41:13-35
95            android:exported="false"
95-->[com.google.android.gms:play-services-measurement:21.2.0] AndroidManifest.xml:42:13-37
96            android:permission="android.permission.BIND_JOB_SERVICE" />
96-->[com.google.android.gms:play-services-measurement:21.2.0] AndroidManifest.xml:43:13-69
97
98        <meta-data
98-->[com.google.android.gms:play-services-basement:18.1.0] AndroidManifest.xml:21:9-23:69
99            android:name="com.google.android.gms.version"
99-->[com.google.android.gms:play-services-basement:18.1.0] AndroidManifest.xml:22:13-58
100            android:value="@integer/google_play_services_version" />
100-->[com.google.android.gms:play-services-basement:18.1.0] AndroidManifest.xml:23:13-66
101
102        <uses-library
102-->[androidx.window:window:1.0.0] AndroidManifest.xml:25:9-27:40
103            android:name="androidx.window.extensions"
103-->[androidx.window:window:1.0.0] AndroidManifest.xml:26:13-54
104            android:required="false" />
104-->[androidx.window:window:1.0.0] AndroidManifest.xml:27:13-37
105        <uses-library
105-->[androidx.window:window:1.0.0] AndroidManifest.xml:28:9-30:40
106            android:name="androidx.window.sidecar"
106-->[androidx.window:window:1.0.0] AndroidManifest.xml:29:13-51
107            android:required="false" />
107-->[androidx.window:window:1.0.0] AndroidManifest.xml:30:13-37
108
109        <provider
109-->[androidx.emoji2:emoji2:1.2.0] AndroidManifest.xml:24:9-32:20
110            android:name="androidx.startup.InitializationProvider"
110-->[androidx.emoji2:emoji2:1.2.0] AndroidManifest.xml:25:13-67
111            android:authorities="edu.utap.stocksleuth.androidx-startup"
111-->[androidx.emoji2:emoji2:1.2.0] AndroidManifest.xml:26:13-68
112            android:exported="false" >
112-->[androidx.emoji2:emoji2:1.2.0] AndroidManifest.xml:27:13-37
113            <meta-data
113-->[androidx.emoji2:emoji2:1.2.0] AndroidManifest.xml:29:13-31:52
114                android:name="androidx.emoji2.text.EmojiCompatInitializer"
114-->[androidx.emoji2:emoji2:1.2.0] AndroidManifest.xml:30:17-75
115                android:value="androidx.startup" />
115-->[androidx.emoji2:emoji2:1.2.0] AndroidManifest.xml:31:17-49
116            <meta-data
116-->[androidx.lifecycle:lifecycle-process:2.4.1] AndroidManifest.xml:31:13-33:52
117                android:name="androidx.lifecycle.ProcessLifecycleInitializer"
117-->[androidx.lifecycle:lifecycle-process:2.4.1] AndroidManifest.xml:32:17-78
118                android:value="androidx.startup" />
118-->[androidx.lifecycle:lifecycle-process:2.4.1] AndroidManifest.xml:33:17-49
119        </provider>
120    </application>
121
122</manifest>